<?xml version="1.0" encoding="UTF-8"?>
<!-- Generated by org.testng.reporters.JUnitReportReporter -->
<testsuite hostname="Teresa-VAIO" name="com.craft.WebAppTest" tests="1" failures="0" timestamp="29 Jun 2016 04:42:14 GMT" time="15.157" errors="0">
  <testcase name="webSiteTest" time="15.157" classname="com.craft.WebAppTest"/>
</testsuite> <!-- com.craft.WebAppTest -->
