<?xml version="1.0" encoding="UTF-8"?>
<!-- Generated by org.testng.reporters.JUnitReportReporter -->
<testsuite hostname="Teresa-VAIO" name="com.craft.AppTest" tests="1" failures="0" timestamp="29 Jun 2016 04:42:14 GMT" time="0.002" errors="0">
  <testcase name="testApp" time="0.002" classname="com.craft.AppTest"/>
</testsuite> <!-- com.craft.AppTest -->
