<?xml version="1.0" encoding="UTF-8"?>
<!-- Generated by org.testng.reporters.JUnitReportReporter -->
<testsuite hostname="Teresa-VAIO" name="com.craft.AppTest" tests="1" failures="0" timestamp="29 Jun 2016 08:15:57 GMT" time="0.016" errors="0">
  <testcase name="webAppTest" time="0.016" classname="com.craft.AppTest"/>
</testsuite> <!-- com.craft.AppTest -->
