<?xml version="1.0" encoding="UTF-8"?>
<!-- Generated by org.testng.reporters.JUnitReportReporter -->
<testsuite hostname="Teresa-VAIO" name="com.craft.WebAppTest" tests="1" failures="0" timestamp="29 Jun 2016 08:15:57 GMT" time="0.000" errors="0">
  <testcase name="webSiteTest" time="0.000" classname="com.craft.WebAppTest"/>
</testsuite> <!-- com.craft.WebAppTest -->
